# JRE version: Java(TM) SE Runtime Environment (8.0_131-b11) (build 1.8.0_131-b11)
# Java VM: Java HotSpot(TM) 64-Bit Server VM (25.131-b11 mixed mode linux-amd64 compressed oops)
Heap:
 PSYoungGen      total 238080K, used 15045K [0x00000000d5580000, 0x00000000e5b80000, 0x0000000100000000)
  eden space 215552K, 0% used [0x00000000d5580000,0x00000000d5580000,0x00000000e2800000)
  from space 22528K, 66% used [0x00000000e2800000,0x00000000e36b1708,0x00000000e3e00000)
  to   space 16384K, 0% used [0x00000000e3e00000,0x00000000e3e00000,0x00000000e4e00000)
 ParOldGen       total 51200K, used 43958K [0x0000000080000000, 0x0000000083200000, 0x00000000d5580000)
  object space 51200K, 85% used [0x0000000080000000,0x0000000082aed8a8,0x0000000083200000)
 Metaspace       used 57448K, capacity 59110K, committed 59160K, reserved 1099776K
  class space    used 7777K, capacity 8208K, committed 8232K, reserved 1048576K
GC Heap History (10 events):
Event: 20,061 GC heap after
Heap after GC invocations=8 (full 1):
 PSYoungGen      total 129536K, used 9727K [0x00000000d5580000, 0x00000000e1080000, 0x0000000100000000)
  eden space 119808K, 0% used [0x00000000d5580000,0x00000000d5580000,0x00000000dca80000)
  from space 9728K, 99% used [0x00000000dca80000,0x00000000dd3ffcb8,0x00000000dd400000)
  to   space 12800K, 0% used [0x00000000e0400000,0x00000000e0400000,0x00000000e1080000)
 ParOldGen       total 34816K, used 11453K [0x0000000080000000, 0x0000000082200000, 0x00000000d5580000)
  object space 34816K, 32% used [0x0000000080000000,0x0000000080b2f438,0x0000000082200000)
 Metaspace       used 33294K, capacity 33896K, committed 34304K, reserved 1079296K
  class space    used 4648K, capacity 4791K, committed 4864K, reserved 1048576K
}
Event: 21,927 GC heap before
{Heap before GC invocations=9 (full 1):
 PSYoungGen      total 129536K, used 39626K [0x00000000d5580000, 0x00000000e1080000, 0x0000000100000000)
  eden space 119808K, 24% used [0x00000000d5580000,0x00000000d72b2ef8,0x00000000dca80000)
  from space 9728K, 99% used [0x00000000dca80000,0x00000000dd3ffcb8,0x00000000dd400000)
  to   space 12800K, 0% used [0x00000000e0400000,0x00000000e0400000,0x00000000e1080000)
 ParOldGen       total 34816K, used 11453K [0x0000000080000000, 0x0000000082200000, 0x00000000d5580000)
  object space 34816K, 32% used [0x0000000080000000,0x0000000080b2f438,0x0000000082200000)
 Metaspace       used 34699K, capacity 35318K, committed 35496K, reserved 1079296K
  class space    used 4842K, capacity 5013K, committed 5032K, reserved 1048576K
Event: 21,960 GC heap after
Heap after GC invocations=9 (full 1):
 PSYoungGen      total 177664K, used 10553K [0x00000000d5580000, 0x00000000e2d00000, 0x0000000100000000)
  eden space 164864K, 0% used [0x00000000d5580000,0x00000000d5580000,0x00000000df680000)
  from space 12800K, 82% used [0x00000000e0400000,0x00000000e0e4e7b8,0x00000000e1080000)
  to   space 13824K, 0% used [0x00000000df680000,0x00000000df680000,0x00000000e0400000)
 ParOldGen       total 34816K, used 11461K [0x0000000080000000, 0x0000000082200000, 0x00000000d5580000)
  object space 34816K, 32% used [0x0000000080000000,0x0000000080b31438,0x0000000082200000)
 Metaspace       used 34699K, capacity 35318K, committed 35496K, reserved 1079296K
  class space    used 4842K, capacity 5013K, committed 5032K, reserved 1048576K
}
Event: 21,960 GC heap before
{Heap before GC invocations=10 (full 2):
 PSYoungGen      total 177664K, used 10553K [0x00000000d5580000, 0x00000000e2d00000, 0x0000000100000000)
  eden space 164864K, 0% used [0x00000000d5580000,0x00000000d5580000,0x00000000df680000)
  from space 12800K, 82% used [0x00000000e0400000,0x00000000e0e4e7b8,0x00000000e1080000)
  to   space 13824K, 0% used [0x00000000df680000,0x00000000df680000,0x00000000e0400000)
 ParOldGen       total 34816K, used 11461K [0x0000000080000000, 0x0000000082200000, 0x00000000d5580000)
  object space 34816K, 32% used [0x0000000080000000,0x0000000080b31438,0x0000000082200000)
 Metaspace       used 34699K, capacity 35318K, committed 35496K, reserved 1079296K
  class space    used 4842K, capacity 5013K, committed 5032K, reserved 1048576K
Event: 22,140 GC heap after
Heap after GC invocations=10 (full 2):
 PSYoungGen      total 177664K, used 0K [0x00000000d5580000, 0x00000000e2d00000, 0x0000000100000000)
  eden space 164864K, 0% used [0x00000000d5580000,0x00000000d5580000,0x00000000df680000)
  from space 12800K, 0% used [0x00000000e0400000,0x00000000e0400000,0x00000000e1080000)
  to   space 13824K, 0% used [0x00000000df680000,0x00000000df680000,0x00000000e0400000)
 ParOldGen       total 51200K, used 16934K [0x0000000080000000, 0x0000000083200000, 0x00000000d5580000)
  object space 51200K, 33% used [0x0000000080000000,0x00000000810898f8,0x0000000083200000)
 Metaspace       used 34699K, capacity 35318K, committed 35496K, reserved 1079296K
  class space    used 4842K, capacity 5013K, committed 5032K, reserved 1048576K
}
Event: 31,653 GC heap before
{Heap before GC invocations=11 (full 2):
 PSYoungGen      total 177664K, used 164864K [0x00000000d5580000, 0x00000000e2d00000, 0x0000000100000000)
  eden space 164864K, 100% used [0x00000000d5580000,0x00000000df680000,0x00000000df680000)
  from space 12800K, 0% used [0x00000000e0400000,0x00000000e0400000,0x00000000e1080000)
  to   space 13824K, 0% used [0x00000000df680000,0x00000000df680000,0x00000000e0400000)
 ParOldGen       total 51200K, used 16934K [0x0000000080000000, 0x0000000083200000, 0x00000000d5580000)
  object space 51200K, 33% used [0x0000000080000000,0x00000000810898f8,0x0000000083200000)
 Metaspace       used 44372K, capacity 45400K, committed 45736K, reserved 1089536K
  class space    used 6165K, capacity 6446K, committed 6568K, reserved 1048576K
Event: 31,763 GC heap after
Heap after GC invocations=11 (full 2):
 PSYoungGen      total 178688K, used 13797K [0x00000000d5580000, 0x00000000e4e00000, 0x0000000100000000)
  eden space 164864K, 0% used [0x00000000d5580000,0x00000000d5580000,0x00000000df680000)
  from space 13824K, 99% used [0x00000000df680000,0x00000000e03f9560,0x00000000e0400000)
  to   space 16384K, 0% used [0x00000000e3e00000,0x00000000e3e00000,0x00000000e4e00000)
 ParOldGen       total 51200K, used 18613K [0x0000000080000000, 0x0000000083200000, 0x00000000d5580000)
  object space 51200K, 36% used [0x0000000080000000,0x000000008122d760,0x0000000083200000)
 Metaspace       used 44372K, capacity 45400K, committed 45736K, reserved 1089536K
  class space    used 6165K, capacity 6446K, committed 6568K, reserved 1048576K
}
Event: 42,540 GC heap before
{Heap before GC invocations=12 (full 2):
 PSYoungGen      total 178688K, used 178661K [0x00000000d5580000, 0x00000000e4e00000, 0x0000000100000000)
  eden space 164864K, 100% used [0x00000000d5580000,0x00000000df680000,0x00000000df680000)
  from space 13824K, 99% used [0x00000000df680000,0x00000000e03f9560,0x00000000e0400000)
  to   space 16384K, 0% used [0x00000000e3e00000,0x00000000e3e00000,0x00000000e4e00000)
 ParOldGen       total 51200K, used 18613K [0x0000000080000000, 0x0000000083200000, 0x00000000d5580000)
  object space 51200K, 36% used [0x0000000080000000,0x000000008122d760,0x0000000083200000)
 Metaspace       used 51620K, capacity 53162K, committed 53416K, reserved 1095680K
  class space    used 7179K, capacity 7522K, committed 7592K, reserved 1048576K
Event: 42,789 GC heap after
Heap after GC invocations=12 (full 2):
 PSYoungGen      total 231936K, used 16368K [0x00000000d5580000, 0x00000000e5b80000, 0x0000000100000000)
  eden space 215552K, 0% used [0x00000000d5580000,0x00000000d5580000,0x00000000e2800000)
  from space 16384K, 99% used [0x00000000e3e00000,0x00000000e4dfc208,0x00000000e4e00000)
  to   space 22528K, 0% used [0x00000000e2800000,0x00000000e2800000,0x00000000e3e00000)
 ParOldGen       total 51200K, used 28624K [0x0000000080000000, 0x0000000083200000, 0x00000000d5580000)
  object space 51200K, 55% used [0x0000000080000000,0x0000000081bf4320,0x0000000083200000)
 Metaspace       used 51620K, capacity 53162K, committed 53416K, reserved 1095680K
  class space    used 7179K, capacity 7522K, committed 7592K, reserved 1048576K
}
Event: 2317,375 GC heap before
{Heap before GC invocations=13 (full 2):
 PSYoungGen      total 231936K, used 203834K [0x00000000d5580000, 0x00000000e5b80000, 0x0000000100000000)
  eden space 215552K, 86% used [0x00000000d5580000,0x00000000e0c92870,0x00000000e2800000)
  from space 16384K, 99% used [0x00000000e3e00000,0x00000000e4dfc208,0x00000000e4e00000)
  to   space 22528K, 0% used [0x00000000e2800000,0x00000000e2800000,0x00000000e3e00000)
 ParOldGen       total 51200K, used 28624K [0x0000000080000000, 0x0000000083200000, 0x00000000d5580000)
  object space 51200K, 55% used [0x0000000080000000,0x0000000081bf4320,0x0000000083200000)
 Metaspace       used 57448K, capacity 59110K, committed 59160K, reserved 1099776K
  class space    used 7777K, capacity 8208K, committed 8232K, reserved 1048576K

